<?xml version="1.0" encoding="UTF-8"?>
<!-- Generated by org.testng.reporters.JUnitReportReporter -->
<testsuite hostname="LAPTOP-T0GNIEM2" failures="0" tests="5" name="mercuryTravels.qa.testcases.SearchAllDetailsPageTest" time="78.735" errors="0" timestamp="03 Mar 2024 14:16:16 GMT" skipped="0">
  <testcase classname="mercuryTravels.qa.testcases.SearchAllDetailsPageTest" name="flightSearch" time="25.607"/>
  <testcase classname="mercuryTravels.qa.testcases.SearchAllDetailsPageTest" name="validateBookingButton" time="14.887"/>
  <testcase classname="mercuryTravels.qa.testcases.SearchAllDetailsPageTest" name="validateCityName" time="12.768"/>
  <testcase classname="mercuryTravels.qa.testcases.SearchAllDetailsPageTest" name="validateFlightName" time="14.804"/>
  <testcase classname="mercuryTravels.qa.testcases.SearchAllDetailsPageTest" name="selectDifferentTypeOfSeat" time="10.669"/>
</testsuite> <!-- mercuryTravels.qa.testcases.SearchAllDetailsPageTest -->
