<?xml version="1.0" encoding="UTF-8"?>
<!-- Generated by org.testng.reporters.JUnitReportReporter -->
<testsuite hostname="LAPTOP-T0GNIEM2" failures="0" tests="2" name="mercuryTravels.qa.testcases.FlightsAllFieldValidationPageTest" time="19.658" errors="0" timestamp="03 Mar 2024 14:16:16 GMT" skipped="0">
  <testcase classname="mercuryTravels.qa.testcases.FlightsAllFieldValidationPageTest" name="validateDifferentTypeOfSeat" time="15.394"/>
  <testcase classname="mercuryTravels.qa.testcases.FlightsAllFieldValidationPageTest" name="validateFlightField" time="4.264"/>
</testsuite> <!-- mercuryTravels.qa.testcases.FlightsAllFieldValidationPageTest -->
