<?xml version="1.0" encoding="UTF-8"?>
<!-- Generated by org.testng.reporters.JUnitReportReporter -->
<testsuite hostname="LAPTOP-T0GNIEM2" failures="0" tests="6" name="mercuryTravels.qa.testcases.LoginPageTest" time="35.031" errors="0" timestamp="03 Mar 2024 14:16:16 GMT" skipped="0">
  <testcase classname="mercuryTravels.qa.testcases.LoginPageTest" name="loginWithoutAnyDetails" time="3.550"/>
  <testcase classname="mercuryTravels.qa.testcases.LoginPageTest" name="loginPageTest" time="6.054"/>
  <testcase classname="mercuryTravels.qa.testcases.LoginPageTest" name="invalidPassword" time="9.201"/>
  <testcase classname="mercuryTravels.qa.testcases.LoginPageTest" name="loginPageTitleTest" time="3.289"/>
  <testcase classname="mercuryTravels.qa.testcases.LoginPageTest" name="invalidUsername" time="4.204"/>
  <testcase classname="mercuryTravels.qa.testcases.LoginPageTest" name="validUsernameAndValidPassword" time="8.733"/>
</testsuite> <!-- mercuryTravels.qa.testcases.LoginPageTest -->
