<?xml version="1.0" encoding="UTF-8"?>
<!-- Generated by org.testng.reporters.JUnitReportReporter -->
<testsuite hostname="LAPTOP-T0GNIEM2" failures="0" tests="2" name="mercuryTravels.qa.testcases.SeatBookingPageTest" time="83.259" errors="0" timestamp="03 Mar 2024 14:16:16 GMT" skipped="0">
  <testcase classname="mercuryTravels.qa.testcases.SeatBookingPageTest" name="clickOnFlights" time="39.760"/>
  <testcase classname="mercuryTravels.qa.testcases.SeatBookingPageTest" name="validateSeatPricing" time="43.499"/>
</testsuite> <!-- mercuryTravels.qa.testcases.SeatBookingPageTest -->
